"../../../Projects/SS_GameAsset3/Content/FMOD/PrivateIntegrationData/BankLookup.uasset" 0
"../../../Projects/SS_GameAsset3/Content/FMOD/Events/Div/HighPitchTakingDamage03.uasset" 1
"../../../Projects/SS_GameAsset3/Content/FMOD/Banks/Master.uasset" 2
"../../../Projects/SS_GameAsset3/Content/FMOD/Events/Div/Internals.uasset" 3
"../../../Projects/SS_GameAsset3/Content/FMOD/Events/Div/HighPitchTakingDamage02.uasset" 4
"../../../Projects/SS_GameAsset3/Content/FMOD/Banks/SFX_Sounds.uasset" 5
"../../../Projects/SS_GameAsset3/Content/FMOD/Events/Div/Headshot.uasset" 6
"../../../Projects/SS_GameAsset3/Content/FMOD/Events/Div/Medic.uasset" 7
"../../../Projects/SS_GameAsset3/Content/FMOD/Banks/Enviroment.uasset" 8
"../../../Projects/SS_GameAsset3/Content/FMOD/Events/Div/Jump.uasset" 9
"../../../Projects/SS_GameAsset3/Content/FMOD/Banks/DivSFX.uasset" 10
"../../../Projects/SS_GameAsset3/Content/FMOD/Banks/Dialogue.uasset" 11
"../../../Projects/SS_GameAsset3/Content/FMOD/Buses/Reverb.uasset" 12
"../../../Projects/SS_GameAsset3/Content/FMOD/Events/Div/TakingDamage.uasset" 13
"../../../Projects/SS_GameAsset3/Content/FMOD/Events/Div/Reloading.uasset" 14
"../../../Projects/SS_GameAsset3/Content/FMOD/Events/Div/HighPitchTakingDamage01.uasset" 15
"../../../Projects/SS_GameAsset3/Content/FMOD/Events/Div/TellMyChildren.uasset" 16
"../../../Projects/SS_GameAsset3/Content/FMOD/PrivateIntegrationData/AssetLookup.uasset" 17
"../../../Engine/Content/ArtTools/RenderToTexture/Enums/RenderToTexture_Enum.uasset" 18
"../../../Engine/Content/ArtTools/RenderToTexture/Enums/RenderToTexture_Flipbook_Enum.uasset" 19
"../../../Engine/Content/ArtTools/RenderToTexture/Enums/RenderToTexture_Imposter_Enum.uasset" 20
"../../../Engine/Content/ArtTools/RenderToTexture/Enums/EIntTypes.uasset" 21
"../../../Engine/Content/EditorBlueprintResources/StandardMacros.uasset" 22
"../../../Engine/Content/ArtTools/RenderToTexture/Macros/RenderToTextureFunctionLibrary.uasset" 23
"../../../Engine/Content/ArtTools/RenderToTexture/Enums/EFloatTypes.uasset" 24
"../../../Engine/Content/ArtTools/RenderToTexture/Macros/RenderToTextureMacros.uasset" 25
"../../../Engine/Content/EngineMaterials/T_Default_Material_Grid_N.uasset" 26
"../../../Engine/Content/EngineMaterials/T_Default_Material_Grid_M.uasset" 27
"../../../Engine/Content/Functions/Engine_MaterialFunctions01/Opacity/CameraDepthFade.uasset" 28
"../../../Engine/Content/EngineMaterials/WorldGridMaterial.uasset" 29
"../../../Engine/Content/ArtTools/RenderToTexture/Meshes/S_1_Unit_Plane.uasset" 30
"../../../Engine/Content/EngineMaterials/DefaultMaterial.uasset" 31
"../../../Engine/Content/BasicShapes/Cone.uasset" 32
"../../../Engine/Content/BasicShapes/Plane.uasset" 33
"../../../Engine/Content/BasicShapes/Sphere.uasset" 34
"../../../Engine/Content/EngineMaterials/DefaultPhysicalMaterial.uasset" 35
"../../../Engine/Content/BufferVisualization/AmbientOcclusion.uasset" 36
"../../../Engine/Content/Functions/Engine_MaterialFunctions02/Utility/AppendMany.uasset" 37
"../../../Engine/Content/BufferVisualization/Anisotropy.uasset" 38
"../../../Engine/Content/BufferVisualization/BaseColor.uasset" 39
"../../../Engine/Content/BufferVisualization/CustomDepth.uasset" 40
"../../../Engine/Content/Functions/Engine_MaterialFunctions02/Utility/VectorLength.uasset" 41
"../../../Engine/Content/BufferVisualization/CustomDepthWorldUnits.uasset" 42
"../../../Engine/Content/Functions/Engine_MaterialFunctions02/Utility/BreakOutFloat2Components.uasset" 43
"../../../Engine/Content/Functions/Engine_MaterialFunctions01/Texturing/ScaleUVsByCenter.uasset" 44
"../../../Engine/Content/EngineMaterials/MiniFont.uasset" 45
"../../../Engine/Content/Functions/Engine_MaterialFunctions02/Utility/MakeFloat3.uasset" 46
"../../../Engine/Content/Functions/Engine_MaterialFunctions02/Utility/MakeFloat2.uasset" 47
"../../../Engine/Content/Functions/Engine_MaterialFunctions02/ScreenResolution.uasset" 48
"../../../Engine/Content/Functions/Engine_MaterialFunctions02/Texturing/ScreenAlignedUVs.uasset" 49
"../../../Engine/Content/BufferVisualization/CustomStencil.uasset" 50
"../../../Engine/Content/BufferVisualization/FinalImage.uasset" 51
"../../../Engine/Content/BufferVisualization/LightingModel.uasset" 52
"../../../Engine/Content/BufferVisualization/MaterialAO.uasset" 53
"../../../Engine/Content/BufferVisualization/Metallic.uasset" 54
"../../../Engine/Content/BufferVisualization/Opacity.uasset" 55
"../../../Engine/Content/BufferVisualization/PostTonemapHDRColor.uasset" 56
"../../../Engine/Content/BufferVisualization/PreTonemapHDRColor.uasset" 57
"../../../Engine/Content/BufferVisualization/Roughness.uasset" 58
"../../../Engine/Content/BufferVisualization/SceneColor.uasset" 59
"../../../Engine/Content/BufferVisualization/SceneDepth.uasset" 60
"../../../Engine/Content/BufferVisualization/SceneDepthWorldUnits.uasset" 61
"../../../Engine/Content/BufferVisualization/SeparateTranslucencyA.uasset" 62
"../../../Engine/Content/BufferVisualization/SeparateTranslucencyRGB.uasset" 63
"../../../Engine/Content/BufferVisualization/Specular.uasset" 64
"../../../Engine/Content/BufferVisualization/SubsurfaceColor.uasset" 65
"../../../Engine/Content/BufferVisualization/Velocity.uasset" 66
"../../../Engine/Content/BufferVisualization/WorldNormal.uasset" 67
"../../../Engine/Content/BufferVisualization/WorldTangent.uasset" 68
"../../../Engine/Content/EditorBlueprintResources/ActorMacros.uasset" 69
"../../../Engine/Content/EditorLandscapeResources/DataLayer.uasset" 70
"../../../Engine/Content/EditorLandscapeResources/DefaultAlphaTexture.uasset" 71
"../../../Engine/Content/EditorLandscapeResources/LandscapeGizmoHeight_Mat.uasset" 72
"../../../Engine/Content/EditorLandscapeResources/LandscapeGizmo_Mat.uasset" 73
"../../../Engine/Content/EditorLandscapeResources/LandscapeGizmo_Mat_Copied.uasset" 74
"../../../Engine/Content/EditorLandscapeResources/SplineEditorMeshMat.uasset" 75
"../../../Engine/Content/EditorLandscapeResources/SplineEditorMesh.uasset" 76
"../../../Engine/Content/EditorMaterials/Cross.uasset" 77
"../../../Engine/Content/EditorMaterials/Cross_Mat.uasset" 78
"../../../Engine/Content/EditorResources/T_EditorHelp.uasset" 79
"../../../Engine/Content/Functions/Engine_MaterialFunctions02/ExampleContent/Textures/DebugNumberPeriod.uasset" 80
"../../../Engine/Content/Functions/Engine_MaterialFunctions02/ExampleContent/DebugNumberStrip.uasset" 81
"../../../Engine/Content/EngineMaterials/DefaultDiffuse.uasset" 82
"../../../Engine/Content/Functions/Engine_MaterialFunctions01/Texturing/TextureCropping.uasset" 83
"../../../Engine/Content/Functions/Engine_MaterialFunctions01/Texturing/ComputeMipLevel.uasset" 84
"../../../Engine/Content/Functions/Engine_MaterialFunctions02/Utility/DebugScalarValues.uasset" 85
"../../../Engine/Content/Functions/Engine_MaterialFunctions02/Utility/DebugFloat2Values.uasset" 86
"../../../Engine/Content/Functions/Engine_MaterialFunctions02/ExampleContent/Textures/flipbook.uasset" 87
"../../../Engine/Content/Functions/Engine_MaterialFunctions02/Texturing/FlipBook.uasset" 88
"../../../Engine/Content/Functions/Engine_MaterialFunctions02/Utility/Sign.uasset" 89
"../../../Engine/Content/Functions/Engine_MaterialFunctions02/Utility/Round.uasset" 90
"../../../Engine/Content/EditorMaterials/HelpActorMaterial.uasset" 91
"../../../Engine/Content/Functions/Engine_MaterialFunctions03/Procedurals/ComputeFilterWidth.uasset" 92
"../../../Engine/Content/EngineMaterials/BlendFunc_DefBlend.uasset" 93
"../../../Engine/Content/EngineMaterials/BlendFunc_DefBase.uasset" 94
"../../../Engine/Content/Functions/Engine_MaterialFunctions03/Blends/Blend_Screen.uasset" 95
"../../../Engine/Content/EditorMaterials/TilingAALineIntegral.uasset" 96
"../../../Engine/Content/EditorMaterials/TilingAALineBoxFiltered.uasset" 97
"../../../Engine/Content/EditorMaterials/TilingAAGrid.uasset" 98
"../../../Engine/Content/EditorMaterials/TilingAADots.uasset" 99
"../../../Engine/Content/EditorMaterials/CompositeARGBLayer.uasset" 100
"../../../Engine/Content/EditorMaterials/LevelGridMaterial.uasset" 101
"../../../Engine/Content/EditorResources/LevelGrid1DStripes.uasset" 102
"../../../Engine/Content/EditorMaterials/TextureGridCascaded1D.uasset" 103
"../../../Engine/Content/EditorMaterials/TextureGridCascaded2D.uasset" 104
"../../../Engine/Content/EditorMaterials/MakeCompositeARGBLayer.uasset" 105
"../../../Engine/Content/EditorMaterials/LevelGridMaterial2.uasset" 106
"../../../Engine/Content/EditorMaterials/MAT_Groups_Toggle.uasset" 107
"../../../Engine/Content/EditorMaterials/MAT_Groups_Visibility.uasset" 108
"../../../Engine/Content/EditorMaterials/PhAT_BoneSelectedMaterial.uasset" 109
"../../../Engine/Content/EditorMaterials/PhAT_ElemSelectedMaterial.uasset" 110
"../../../Engine/Content/EditorMaterials/PhAT_NoCollisionMaterial.uasset" 111
"../../../Engine/Content/EditorMaterials/PhAT_UnselectedMaterial.uasset" 112
"../../../Engine/Content/EditorMaterials/PreviewShadowIndicator.uasset" 113
"../../../Engine/Content/EditorMaterials/PreviewShadowIndicatorMaterial.uasset" 114
"../../../Engine/Content/EditorMaterials/TargetIcon.uasset" 115
"../../../Engine/Content/EditorMaterials/Tick.uasset" 116
"../../../Engine/Content/EditorMaterials/Tick_Mat.uasset" 117
"../../../Engine/Content/EditorMaterials/WidgetGridVertexColorMaterial.uasset" 118
"../../../Engine/Content/EditorMaterials/WidgetGridVertexColorMaterial_Ma.uasset" 119
"../../../Engine/Content/EditorMaterials/WidgetMaterial.uasset" 120
"../../../Engine/Content/EditorMaterials/WidgetMaterial_Current.uasset" 121
"../../../Engine/Content/EditorMaterials/WidgetMaterial_X.uasset" 122
"../../../Engine/Content/EditorMaterials/WidgetMaterial_Y.uasset" 123
"../../../Engine/Content/EditorMaterials/WidgetMaterial_Z.uasset" 124
"../../../Engine/Content/EditorMaterials/WidgetVertexColorMaterial.uasset" 125
"../../../Engine/Content/EditorMaterials/MatineeGroups/MAT_ColorTrack.uasset" 126
"../../../Engine/Content/EditorMaterials/MatineeGroups/MAT_Groups_Anim.uasset" 127
"../../../Engine/Content/EditorMaterials/MatineeGroups/MAT_Groups_AudioMaster.uasset" 128
"../../../Engine/Content/EditorMaterials/MatineeGroups/MAT_Groups_Director.uasset" 129
"../../../Engine/Content/EditorMaterials/MatineeGroups/MAT_Groups_Event.uasset" 130
"../../../Engine/Content/EditorMaterials/MatineeGroups/MAT_Groups_Fade.uasset" 131
"../../../Engine/Content/EditorMaterials/MatineeGroups/MAT_Groups_Float.uasset" 132
"../../../Engine/Content/EditorMaterials/MatineeGroups/MAT_Groups_Move.uasset" 133
"../../../Engine/Content/EditorMaterials/MatineeGroups/MAT_Groups_Slomo.uasset" 134
"../../../Engine/Content/EditorMaterials/MatineeGroups/MAT_Groups_Sound.uasset" 135
"../../../Engine/Content/EditorMaterials/MatineeGroups/MAT_Groups_Vector.uasset" 136
"../../../Engine/Content/EditorMaterials/ParticleSystems/PSysThumbnail_NoImage.uasset" 137
"../../../Engine/Content/EditorMaterials/ParticleSystems/PSysThumbnail_OOD.uasset" 138
"../../../Engine/Content/EngineMaterials/Grid.uasset" 139
"../../../Engine/Content/EditorMaterials/Thumbnails/FloorPlaneMaterial.uasset" 140
"../../../Engine/Content/EditorMeshes/EditorCube.uasset" 141
"../../../Engine/Content/EditorMeshes/EditorCylinder.uasset" 142
"../../../Engine/Content/EditorMeshes/EditorPlane.uasset" 143
"../../../Engine/Content/EditorMaterials/Thumbnails/SkySphereMaterial.uasset" 144
"../../../Engine/Content/EditorMeshes/EditorSkySphere.uasset" 145
"../../../Engine/Content/EditorMeshes/EditorSphere.uasset" 146
"../../../Engine/Content/EditorResources/MatineeCam_D.uasset" 147
"../../../Engine/Content/EditorMaterials/MatineeCam_mat.uasset" 148
"../../../Engine/Content/EditorMeshes/MatineeCam_SM.uasset" 149
"../../../Engine/Content/EditorMeshes/PlanarReflectionPlane.uasset" 150
"../../../Engine/Content/EngineDebugMaterials/M_SimpleOpaque.uasset" 151
"../../../Engine/Content/EditorMaterials/Camera/MI_CineMat_CamViewFinder.uasset" 152
"../../../Engine/Content/EditorMaterials/Camera/CineMat.uasset" 153
"../../../Engine/Content/EditorMaterials/Camera/MI_CineMat_CameraBody.uasset" 154
"../../../Engine/Content/EditorMeshes/Camera/SM_CineCam.uasset" 155
"../../../Engine/Content/EditorMaterials/Camera/MI_CineMat_Rig.uasset" 156
"../../../Engine/Content/EditorMeshes/Camera/SM_CraneRig_Arm.uasset" 157
"../../../Engine/Content/EditorMeshes/Camera/SM_CraneRig_Base.uasset" 158
"../../../Engine/Content/EditorMeshes/Camera/SM_CraneRig_Body.uasset" 159
"../../../Engine/Content/EditorMeshes/Camera/SM_CraneRig_Mount.uasset" 160
"../../../Engine/Content/EditorMeshes/Camera/SM_RailRig_Mount.uasset" 161
"../../../Engine/Content/EditorMeshes/Camera/SM_RailRig_Track.uasset" 162
"../../../Engine/Content/EditorMeshes/ColorCalibrator/M_ChromeBall.uasset" 163
"../../../Engine/Content/EditorResources/Bad.uasset" 164
"../../../Engine/Content/EditorResources/BSPVertex.uasset" 165
"../../../Engine/Content/EditorResources/EmptyActor.uasset" 166
"../../../Engine/Content/EditorResources/MatInstActSprite.uasset" 167
"../../../Engine/Content/EditorResources/SceneManager.uasset" 168
"../../../Engine/Content/EditorResources/SmallFont.uasset" 169
"../../../Engine/Content/EditorResources/S_Actor.uasset" 170
"../../../Engine/Content/EditorResources/S_CameraShakeSource.uasset" 171
"../../../Engine/Content/EditorResources/S_DecalActorIcon.uasset" 172
"../../../Engine/Content/EditorResources/S_Emitter.uasset" 173
"../../../Engine/Content/EditorResources/S_ExpoHeightFog.uasset" 174
"../../../Engine/Content/EditorResources/S_FTest.uasset" 175
"../../../Engine/Content/EditorResources/S_KBSJoint.uasset" 176
"../../../Engine/Content/EditorResources/S_KHinge.uasset" 177
"../../../Engine/Content/EditorResources/S_KPrismatic.uasset" 178
"../../../Engine/Content/EditorResources/S_LevelSequence.uasset" 179
"../../../Engine/Content/EditorResources/S_NavP.uasset" 180
"../../../Engine/Content/EditorResources/S_Note.uasset" 181
"../../../Engine/Content/EditorResources/S_Player.uasset" 182
"../../../Engine/Content/EditorResources/S_PortalActorIcon2.uasset" 183
"../../../Engine/Content/EditorResources/S_RadForce.uasset" 184
"../../../Engine/Content/EditorResources/S_ReflActorIcon.uasset" 185
"../../../Engine/Content/EditorResources/S_SkyAtmosphere.uasset" 186
"../../../Engine/Content/EditorResources/S_Solver.uasset" 187
"../../../Engine/Content/EditorResources/S_Terrain.uasset" 188
"../../../Engine/Content/EditorResources/S_TextRenderActorIcon.uasset" 189
"../../../Engine/Content/EditorResources/S_Thruster.uasset" 190
"../../../Engine/Content/EditorResources/S_Trigger.uasset" 191
"../../../Engine/Content/EditorResources/S_VectorFieldVol.uasset" 192
"../../../Engine/Content/EditorResources/S_VolumetricCloud.uasset" 193
"../../../Engine/Content/EditorResources/S_WindDirectional.uasset" 194
"../../../Engine/Content/EditorResources/AI/S_NavLink.uasset" 195
"../../../Engine/Content/EditorResources/AudioIcons/S_AudioComponent.uasset" 196
"../../../Engine/Content/EditorResources/AudioIcons/S_AudioComponent_AutoActivate.uasset" 197
"../../../Engine/Content/EditorResources/LightIcons/SkyLight.uasset" 198
"../../../Engine/Content/EditorResources/LightIcons/S_LightDirectional.uasset" 199
"../../../Engine/Content/EditorResources/LightIcons/S_LightDirectionalMove.uasset" 200
"../../../Engine/Content/EditorResources/LightIcons/S_LightError.uasset" 201
"../../../Engine/Content/EditorResources/LightIcons/S_LightPoint.uasset" 202
"../../../Engine/Content/EditorResources/LightIcons/S_LightPointMove.uasset" 203
"../../../Engine/Content/EditorResources/LightIcons/S_LightSpot.uasset" 204
"../../../Engine/Content/EditorResources/LightIcons/S_LightSpotMove.uasset" 205
"../../../Engine/Content/EditorResources/SequenceRecorder/Countdown.uasset" 206
"../../../Engine/Content/EditorResources/SequenceRecorder/RecordingIndicator.uasset" 207
"../../../Engine/Content/EditorResources/Spline/T_Loft_Spline.uasset" 208
"../../../Engine/Content/EditorSounds/Notifications/CompileSuccess.uasset" 209
"../../../Engine/Content/EditorSounds/Notifications/CompileStart_Cue.uasset" 210
"../../../Engine/Content/EditorSounds/Notifications/CompileSuccess_Cue.uasset" 211
"../../../Engine/Content/EngineDamageTypes/DmgTypeBP_Environmental.uasset" 212
"../../../Engine/Content/EngineDebugMaterials/HeatmapGradient.uasset" 213
"../../../Engine/Content/EngineDebugMaterials/BoneWeightMaterial.uasset" 214
"../../../Engine/Content/EngineDebugMaterials/ClothMaterial.uasset" 215
"../../../Engine/Content/EngineDebugMaterials/ClothMaterial_WF.uasset" 216
"../../../Engine/Content/EngineDebugMaterials/DebugEditorMaterial.uasset" 217
"../../../Engine/Content/EngineDebugMaterials/DebugMeshMaterial.uasset" 218
"../../../Engine/Content/EngineDebugMaterials/GeomMaterial.uasset" 219
"../../../Engine/Content/Functions/Engine_MaterialFunctions01/Shading/ConvertFromDiffSpec.uasset" 220
"../../../Engine/Content/EngineDebugMaterials/LevelColorationLitMaterial.uasset" 221
"../../../Engine/Content/EngineDebugMaterials/LevelColorationUnlitMaterial.uasset" 222
"../../../Engine/Content/EngineMaterials/DefaultWhiteGrid.uasset" 223
"../../../Engine/Content/EngineDebugMaterials/MAT_LevelColorationLitLightmapUV.uasset" 224
"../../../Engine/Content/EngineDebugMaterials/M_SimpleUnlitTranslucent.uasset" 225
"../../../Engine/Content/EngineDebugMaterials/VolumeToRender.uasset" 226
"../../../Engine/Content/Functions/Engine_MaterialFunctions02/Utility/CameraDirectionVector.uasset" 227
"../../../Engine/Content/EngineDebugMaterials/M_VolumeRenderSphereTracePP.uasset" 228
"../../../Engine/Content/EngineMaterials/DefaultWhiteGrid_Low.uasset" 229
"../../../Engine/Content/EngineDebugMaterials/PhysicalMaterialMaskMaterial.uasset" 230
"../../../Engine/Content/EngineDebugMaterials/ShadedLevelColorationLitMaterial.uasset" 231
"../../../Engine/Content/EngineDebugMaterials/ShadedLevelColorationUnlitMateri.uasset" 232
"../../../Engine/Content/EngineDebugMaterials/VertexColorMaterial.uasset" 233
"../../../Engine/Content/EngineDebugMaterials/VertexColorViewMode_AlphaAsColor.uasset" 234
"../../../Engine/Content/EngineDebugMaterials/VertexColorViewMode_BlueOnly.uasset" 235
"../../../Engine/Content/EngineDebugMaterials/VertexColorViewMode_ColorOnly.uasset" 236
"../../../Engine/Content/EngineDebugMaterials/VertexColorViewMode_GreenOnly.uasset" 237
"../../../Engine/Content/EngineDebugMaterials/VertexColorViewMode_RedOnly.uasset" 238
"../../../Engine/Content/EngineDebugMaterials/WireframeMaterial.uasset" 239
"../../../Engine/Content/EngineFonts/Faces/RobotoRegular.uasset" 240
"../../../Engine/Content/EngineFonts/Faces/RobotoLight.uasset" 241
"../../../Engine/Content/EngineFonts/Faces/RobotoItalic.uasset" 242
"../../../Engine/Content/EngineFonts/Faces/RobotoBoldItalic.uasset" 243
"../../../Engine/Content/EngineFonts/Faces/RobotoBold.uasset" 244
"../../../Engine/Content/EngineFonts/Faces/DroidSansFallback.uasset" 245
"../../../Engine/Content/EngineFonts/Roboto.uasset" 246
"../../../Engine/Content/EngineFonts/Faces/RobotoTiny.uasset" 247
"../../../Engine/Content/EngineFonts/RobotoTiny.uasset" 248
"../../../Engine/Content/EngineFonts/SmallFont.uasset" 249
"../../../Engine/Content/EngineFonts/TinyFont.uasset" 250
"../../../Engine/Content/EngineMaterials/BaseFlattenNormalMap.uasset" 251
"../../../Engine/Content/EngineMaterials/BaseFlattenGrayscaleMap.uasset" 252
"../../../Engine/Content/EngineMaterials/BaseFlattenEmissiveMap.uasset" 253
"../../../Engine/Content/EngineMaterials/BaseFlattenDiffuseMap.uasset" 254
"../../../Engine/Content/EngineMaterials/BaseFlattenMaterial.uasset" 255
"../../../Engine/Content/EngineResources/WhiteSquareTexture.uasset" 256
"../../../Engine/Content/EngineMaterials/BlinkingCaret.uasset" 257
"../../../Engine/Content/EngineMaterials/BlueNoise.uasset" 258
"../../../Engine/Content/EngineMaterials/DefaultBloomKernel.uasset" 259
"../../../Engine/Content/EngineMaterials/DefaultBokeh.uasset" 260
"../../../Engine/Content/EngineMaterials/DefaultDeferredDecalMaterial.uasset" 261
"../../../Engine/Content/EngineMaterials/DefaultLightFunctionMaterial.uasset" 262
"../../../Engine/Content/EngineMaterials/DefaultNormal.uasset" 263
"../../../Engine/Content/EngineMaterials/DefaultPostProcessMaterial.uasset" 264
"../../../Engine/Content/EngineFonts/RobotoDistanceField.uasset" 265
"../../../Engine/Content/EngineMaterials/DefaultTextMaterialOpaque.uasset" 266
"../../../Engine/Content/EngineMaterials/EditorBrushMaterial.uasset" 267
"../../../Engine/Content/EngineMaterials/EmissiveMeshMaterial.uasset" 268
"../../../Engine/Content/EngineMaterials/GizmoMaterial.uasset" 269
"../../../Engine/Content/EngineMaterials/Good64x64TilingNoiseHighFreq.uasset" 270
"../../../Engine/Content/EngineMaterials/Grid_N.uasset" 271
"../../../Engine/Content/EngineMaterials/HighResolutionScreenshotMaskFunction.uasset" 272
"../../../Engine/Content/EngineMaterials/HighResScreenshot.uasset" 273
"../../../Engine/Content/EngineMaterials/HighResScreenshotCaptureRegion.uasset" 274
"../../../Engine/Content/EngineMaterials/HighResScreenshotMask.uasset" 275
"../../../Engine/Content/EngineMaterials/LandscapeHolePhysicalMaterial.uasset" 276
"../../../Engine/Content/EngineMaterials/InvalidLightmapSettings.uasset" 277
"../../../Engine/Content/EngineMaterials/M_InvalidLightmapSettings.uasset" 278
"../../../Engine/Content/EngineMaterials/PaperDiffuse.uasset" 279
"../../../Engine/Content/EngineMaterials/PaperNormal.uasset" 280
"../../../Engine/Content/Functions/Engine_MaterialFunctions02/WorldPositionOffset/CameraOffset.uasset" 281
"../../../Engine/Content/EngineMaterials/PhAT_JointLimitMaterial.uasset" 282
"../../../Engine/Content/EngineMaterials/PhysMat_Rubber.uasset" 283
"../../../Engine/Content/EngineMaterials/PreintegratedSkinBRDF.uasset" 284
"../../../Engine/Content/EngineMaterials/RemoveSurfaceMaterial.uasset" 285
"../../../Engine/Content/EngineMaterials/WeightMapPlaceholderTexture.uasset" 286
"../../../Engine/Content/Functions/Engine_MaterialFunctions01/ImageAdjustment/sRGBToLinear.uasset" 287
"../../../Engine/Content/Functions/Engine_MaterialFunctions02/Utility/BreakOutFloat3Components.uasset" 288
"../../../Engine/Content/EngineMaterials/Widget3DCameraPassThrough_Opaque_OneSided.uasset" 289
"../../../Engine/Content/EngineMaterials/Widget3DPassThrough.uasset" 290
"../../../Engine/Content/EngineMaterials/Widget3DPassThrough_Masked.uasset" 291
"../../../Engine/Content/EngineMaterials/Widget3DPassThrough_Opaque.uasset" 292
"../../../Engine/Content/EngineMaterials/Widget3DPassThrough_Masked_OneSided.uasset" 293
"../../../Engine/Content/EngineMaterials/Widget3DPassThrough_Opaque_OneSided.uasset" 294
"../../../Engine/Content/EngineMaterials/Widget3DPassThrough_Translucent.uasset" 295
"../../../Engine/Content/EngineMaterials/Widget3DPassThrough_Translucent_OneSided.uasset" 296
"../../../Engine/Content/EngineMeshes/Cylinder.uasset" 297
"../../../Engine/Content/EngineMeshes/Sphere.uasset" 298
"../../../Engine/Content/EngineResources/Black.uasset" 299
"../../../Engine/Content/EngineResources/DefaultTextureCube.uasset" 300
"../../../Engine/Content/EngineResources/DefaultVolumeTexture2D.uasset" 301
"../../../Engine/Content/EngineResources/DefaultVolumeTexture.uasset" 302
"../../../Engine/Content/EngineResources/GradientTexture0.uasset" 303
"../../../Engine/Content/EngineResources/StreamingPauseIcon.uasset" 304
"../../../Engine/Content/EngineResources/M_StreamingPause.uasset" 305
"../../../Engine/Content/EngineSky/VolumetricClouds/T_NoiseShape64.uasset" 306
"../../../Engine/Content/EngineSky/VolumetricClouds/T_VolumeNoiseShape64.uasset" 307
"../../../Engine/Content/EngineSky/VolumetricClouds/T_NoiseErosion.uasset" 308
"../../../Engine/Content/EngineSky/VolumetricClouds/T_VolumeNoiseErosion32.uasset" 309
"../../../Engine/Content/EngineSky/VolumetricClouds/CloudWeatherTexture.uasset" 310
"../../../Engine/Content/EngineSky/VolumetricClouds/CloudGradientTexture.uasset" 311
"../../../Engine/Content/EngineSky/VolumetricClouds/m_SimpleVolumetricCloud.uasset" 312
"../../../Engine/Content/EngineSky/VolumetricClouds/m_SimpleVolumetricCloud_Inst.uasset" 313
"../../../Engine/Content/EngineSounds/Master.uasset" 314
"../../../Engine/Content/Functions/Engine_MaterialFunctions01/Shading/PowerToRoughness.uasset" 315
"../../../Engine/Content/Maps/Templates/Thumbnails/Default.uasset" 316
"../../../Engine/Content/Maps/Templates/Thumbnails/TimeOfDay.uasset" 317
"../../../Engine/Content/Maps/Templates/Thumbnails/VR-Basic.uasset" 318
"../../../Engine/Content/MapTemplates/Sky/DaylightAmbientCubemap.uasset" 319
"../../../Engine/Content/MobileResources/T_MobileControls_texture.uasset" 320
"../../../Engine/Content/MobileResources/T_MobileMenu2.uasset" 321
"../../../Engine/Content/MobileResources/HUD/AnalogHat.uasset" 322
"../../../Engine/Content/MobileResources/HUD/VirtualJoystick_Thumb.uasset" 323
"../../../Engine/Content/MobileResources/HUD/VirtualJoystick_Background.uasset" 324
"../../../Engine/Content/MobileResources/HUD/DefaultVirtualJoysticks.uasset" 325
"../../../Engine/Content/MobileResources/HUD/LeftVirtualJoystickOnly.uasset" 326
"../../../Engine/Content/MobileResources/HUD/MobileHUDButton1_off.uasset" 327
"../../../Engine/Content/MobileResources/HUD/MobileHUDButton1_on.uasset" 328
"../../../Engine/Content/MobileResources/HUD/MobileHUDButton2_off.uasset" 329
"../../../Engine/Content/MobileResources/HUD/MobileHUDButton2_on.uasset" 330
"../../../Engine/Content/MobileResources/HUD/MobileHUDButton3.uasset" 331
"../../../Engine/Content/MobileResources/HUD/MobileHUDButtonFire.uasset" 332
"../../../Engine/Content/MobileResources/HUD/MobileHUDDirectionPad.uasset" 333
"../../../Engine/Content/MobileResources/HUD/MobileHUDDirectionPad2.uasset" 334
"../../../Engine/Content/MobileResources/HUD/MobileHUDDirectionPad3.uasset" 335
"../../../Engine/Content/MobileResources/HUD/MobileHUDDirectionStick.uasset" 336
"../../../Engine/Content/MobileResources/HUD/T_Castle_ThumbstickInner.uasset" 337
"../../../Engine/Content/MobileResources/HUD/T_Castle_ThumbstickOutter.uasset" 338
"../../../Engine/Content/Tutorial/ContentIntroCurve.uasset" 339
"../../../Engine/Content/Tutorial/Basics/LevelEditorAttract.uasset" 340
"../../../Engine/Content/Tutorial/Basics/TutorialAssets/icon_tab_Levels_40x.uasset" 341
"../../../Engine/Content/Tutorial/Basics/LevelEditorOverview.uasset" 342
"../../../Engine/Content/Tutorial/BlueprintTutorials/TutorialAssets/Blueprint_64x.uasset" 343
"../../../Engine/Content/Tutorial/BlueprintTutorials/LevelBlueprintEditorOverview.uasset" 344
"../../../Engine/Content/Tutorial/BlueprintTutorials/TutorialAssets/Tutorial_BP_MacroLib.uasset" 345
"../../../Engine/Content/VREditor/TransformGizmo/TranslucentTransformGizmoMaterial.uasset" 346
"../../../Engine/Content/VREditor/LaserPointer/VR_LaserPower_01.uasset" 347
"../../../Engine/Content/VREditor/TransformGizmo/TransformGizmoMaterial.uasset" 348
"../../../Engine/Content/VREditor/TransformGizmo/BoundingBoxCorner.uasset" 349
"../../../Engine/Content/VREditor/TransformGizmo/BoundingBoxEdge.uasset" 350
"../../../Engine/Content/VREditor/TransformGizmo/PlaneTranslationHandle.uasset" 351
"../../../Engine/Content/VREditor/TransformGizmo/Xray.uasset" 352
"../../../Engine/Content/VREditor/TransformGizmo/Main.uasset" 353
"../../../Engine/Content/VREditor/TransformGizmo/SM_Sequencer_Key.uasset" 354
"../../../Engine/Content/VREditor/TransformGizmo/SM_Sequencer_Node.uasset" 355
"../../../Projects/SS_GameAsset3/Content/Cinematics/Sequence/shots/shot0050/shot0050_01.uasset" 356
"../../../Projects/SS_GameAsset3/Content/Cinematics/Sequence/shots/shot0030/shot0030_01.uasset" 357
"../../../Projects/SS_GameAsset3/Content/Cinematics/Sequence/shots/shot0010/shot0010_01.uasset" 358
"../../../Projects/SS_GameAsset3/Content/Cinematics/Sequence/SequenceMaster.uasset" 359
"../../../Projects/SS_GameAsset3/Content/Cinematics/Sequence/shots/shot0020/shot0020_01.uasset" 360
"../../../Projects/SS_GameAsset3/Content/Cinematics/Sequence/shots/shot0040/shot0040_01.uasset" 361
"../../../Projects/SS_GameAsset3/Content/AssetPack/Models/SciFi.uasset" 362
"../../../Projects/SS_GameAsset3/Content/AssetPack/Models/SM_Wep_Pistol_01_SM_Wep_Pistol_01.uasset" 363
"../../../Projects/SS_GameAsset3/Content/AnimStarterPack/UE4_Mannequin/Mesh/SK_Mannequin_PhysicsAsset.uasset" 364
"../../../Projects/SS_GameAsset3/Content/AnimStarterPack/UE4_Mannequin/Textures/UE4Man_Logo_N.uasset" 365
"../../../Projects/SS_GameAsset3/Content/AnimStarterPack/UE4_Mannequin/Textures/UE4_Mannequin_occlusion_Mobile.uasset" 366
"../../../Projects/SS_GameAsset3/Content/AnimStarterPack/UE4_Mannequin/Textures/UE4_Mannequin_MAT_MASKA.uasset" 367
"../../../Projects/SS_GameAsset3/Content/AnimStarterPack/UE4_Mannequin/Textures/UE4_Mannequin__normals.uasset" 368
"../../../Projects/SS_GameAsset3/Content/AnimStarterPack/UE4_Mannequin/Materials/MaterialLayers/T_ML_Aluminum01_N.uasset" 369
"../../../Projects/SS_GameAsset3/Content/AnimStarterPack/UE4_Mannequin/Materials/MaterialLayers/T_ML_Aluminum01.uasset" 370
"../../../Projects/SS_GameAsset3/Content/AnimStarterPack/UE4_Mannequin/Materials/MaterialLayers/ML_SoftMetal_UE4.uasset" 371
"../../../Projects/SS_GameAsset3/Content/AnimStarterPack/UE4_Mannequin/Textures/UE4_LOGO_CARD.uasset" 372
"../../../Projects/SS_GameAsset3/Content/AnimStarterPack/UE4_Mannequin/Materials/MaterialLayers/ML_Plastic_Shiny_Beige_LOGO.uasset" 373
"../../../Projects/SS_GameAsset3/Content/AnimStarterPack/UE4_Mannequin/Materials/MaterialLayers/ML_Plastic_Shiny_Beige.uasset" 374
"../../../Projects/SS_GameAsset3/Content/AnimStarterPack/UE4_Mannequin/Materials/MaterialLayers/T_ML_Rubber_Blue_01_N.uasset" 375
"../../../Projects/SS_GameAsset3/Content/AnimStarterPack/UE4_Mannequin/Materials/MaterialLayers/T_ML_Rubber_Blue_01_D.uasset" 376
"../../../Projects/SS_GameAsset3/Content/AnimStarterPack/UE4_Mannequin/Materials/MaterialLayers/ML_GlossyBlack_Latex_UE4.uasset" 377
"../../../Engine/Content/Functions/MaterialLayerFunctions/MatLayerBlend_Simple.uasset" 378
"../../../Engine/Content/Functions/Engine_MaterialFunctions02/Utility/BlendAngleCorrectedNormals.uasset" 379
"../../../Engine/Content/Functions/MaterialLayerFunctions/MatLayerBlend_NormalBlend.uasset" 380
"../../../Engine/Content/Functions/MaterialLayerFunctions/MatLayerBlend_AO.uasset" 381
"../../../Projects/SS_GameAsset3/Content/AnimStarterPack/UE4_Mannequin/Materials/M_UE4Man_Body.uasset" 382
"../../../Projects/SS_GameAsset3/Content/AnimStarterPack/UE4_Mannequin/Materials/M_UE4Man_ChestLogo.uasset" 383
"../../../Projects/SS_GameAsset3/Content/AnimStarterPack/UE4_Mannequin/Mesh/UE4_Mannequin_Skeleton.uasset" 384
"../../../Projects/SS_GameAsset3/Content/AnimStarterPack/UE4_Mannequin/Mesh/SK_Mannequin.uasset" 385
"../../../Projects/SS_GameAsset3/Content/AssetPack/Models/PolygonSciFiSpace_Texture_03_A.uasset" 386
"../../../Projects/SS_GameAsset3/Content/AssetPack/Models/SciFi1.uasset" 387
"../../../Projects/SS_GameAsset3/Content/AnimStarterPack/Idle_Pistol.uasset" 388
"../../../Projects/SS_GameAsset3/Content/Idle_Pistol_Blueprint.uasset" 389
"../../../Projects/SS_GameAsset3/Content/Cinematics/Sequences_DestroyedLevel/Sequence/shots/shot0030/shot0030_01.uasset" 390
"../../../Projects/SS_GameAsset3/Content/Cinematics/Sequences_DestroyedLevel/Sequence/shots/shot0020/shot0020_01.uasset" 391
"../../../Projects/SS_GameAsset3/Content/ThirdPersonCPP/Weapons/bulletholepng.uasset" 392
"../../../Projects/SS_GameAsset3/Content/ThirdPersonCPP/Weapons/Bullet_Hole_Mat.uasset" 393
"../../../Projects/SS_GameAsset3/Content/Morra/Bullet/Bullet_initialShadingGroup_Normal.uasset" 394
"../../../Projects/SS_GameAsset3/Content/Morra/Bullet/Bullet_initialShadingGroup_MetallicSmoothness.uasset" 395
"../../../Projects/SS_GameAsset3/Content/Morra/Bullet/Bullet_initialShadingGroup_AlbedoTransparency.uasset" 396
"../../../Projects/SS_GameAsset3/Content/Morra/Bullet/BulletMat.uasset" 397
"../../../Projects/SS_GameAsset3/Content/Morra/Bullet/Bullet.uasset" 398
"../../../Projects/SS_GameAsset3/Content/ThirdPersonCPP/Weapons/Projectile_Base_BP.uasset" 399
"../../../Projects/SS_GameAsset3/Content/ThirdPersonCPP/Weapons/SM_Wep_Shotgun_01_New_Skeleton.uasset" 400
"../../../Projects/SS_GameAsset3/Content/ThirdPersonCPP/Weapons/SM_Wep_Shotgun_01_New_PhysicsAsset.uasset" 401
"../../../Projects/SS_GameAsset3/Content/ThirdPersonCPP/Weapons/SM_Wep_Shotgun_01_New.uasset" 402
"../../../Projects/SS_GameAsset3/Content/Morra/MuzzleFlash/SparkMat.uasset" 403
"../../../Projects/SS_GameAsset3/Content/Morra/MuzzleFlash/MuzzleSpark.uasset" 404
"../../../Projects/SS_GameAsset3/Content/Morra/MuzzleFlash/noise.uasset" 405
"../../../Projects/SS_GameAsset3/Content/Morra/MuzzleFlash/BlackWhiteGradient.uasset" 406
"../../../Projects/SS_GameAsset3/Content/Morra/MuzzleFlash/Muzzle_Mat.uasset" 407
"../../../Projects/SS_GameAsset3/Content/Morra/MuzzleFlash/MuzzleFlash.uasset" 408
"../../../Projects/SS_GameAsset3/Content/Morra/MuzzleFlash/MuzzleVFX.uasset" 409
"../../../Projects/SS_GameAsset3/Content/Widgets/DialogBox.uasset" 410
"../../../Projects/SS_GameAsset3/Content/Widgets/HUD.uasset" 411
"../../../Projects/SS_GameAsset3/Content/ThirdPersonCPP/BPI_Player.uasset" 412
"../../../Projects/SS_GameAsset3/Content/ThirdPersonCPP/BPI_Interactables.uasset" 413
"../../../Engine/Content/EngineFonts/Faces/DroidSansMono.uasset" 414
"../../../Engine/Content/EngineFonts/DroidSansMono.uasset" 415
"../../../Projects/SS_GameAsset3/Content/Widgets/interact_wdg.uasset" 416
"../../../Projects/SS_GameAsset3/Content/TestingDialog/NPC_Ai.uasset" 417
"../../../Projects/SS_GameAsset3/Content/Mannequin/Character/Mesh/SK_Mannequin_Female_PhysicsAsset.uasset" 418
"../../../Projects/SS_GameAsset3/Content/Mannequin/Character/Textures/T_UE4Logo_Mask.uasset" 419
"../../../Projects/SS_GameAsset3/Content/Mannequin/Character/Textures/T_Male_N.uasset" 420
"../../../Projects/SS_GameAsset3/Content/Mannequin/Character/Textures/T_Male_Mask.uasset" 421
"../../../Projects/SS_GameAsset3/Content/Mannequin/Character/Textures/T_Female_N.uasset" 422
"../../../Projects/SS_GameAsset3/Content/Mannequin/Character/Textures/T_Female_Mask.uasset" 423
"../../../Projects/SS_GameAsset3/Content/Mannequin/Character/Materials/MaterialLayers/T_ML_Rubber_Blue_01_N.uasset" 424
"../../../Projects/SS_GameAsset3/Content/Mannequin/Character/Materials/MaterialLayers/T_ML_Rubber_Blue_01_D.uasset" 425
"../../../Projects/SS_GameAsset3/Content/Mannequin/Character/Materials/MaterialLayers/T_ML_Aluminum01_N.uasset" 426
"../../../Projects/SS_GameAsset3/Content/Mannequin/Character/Materials/MaterialLayers/T_ML_Aluminum01.uasset" 427
"../../../Projects/SS_GameAsset3/Content/Mannequin/Character/Materials/MaterialLayers/ML_SoftMetal_UE4.uasset" 428
"../../../Projects/SS_GameAsset3/Content/Mannequin/Character/Materials/MaterialLayers/ML_Plastic_Shiny_Beige_LOGO.uasset" 429
"../../../Projects/SS_GameAsset3/Content/Mannequin/Character/Materials/MaterialLayers/ML_Plastic_Shiny_Beige.uasset" 430
"../../../Projects/SS_GameAsset3/Content/Mannequin/Character/Materials/MaterialLayers/ML_GlossyBlack_Latex_UE4.uasset" 431
"../../../Projects/SS_GameAsset3/Content/Mannequin/Character/Materials/M_Male_Body.uasset" 432
"../../../Projects/SS_GameAsset3/Content/Mannequin/Character/Materials/MI_Female_Body.uasset" 433
"../../../Projects/SS_GameAsset3/Content/Mannequin/Character/Mesh/UE4_Mannequin_Skeleton.uasset" 434
"../../../Projects/SS_GameAsset3/Content/Mannequin/Character/Textures/T_UE4Logo_N.uasset" 435
"../../../Projects/SS_GameAsset3/Content/Mannequin/Character/Materials/M_UE4Man_ChestLogo.uasset" 436
"../../../Projects/SS_GameAsset3/Content/Mannequin/Character/Mesh/SK_Mannequin_Female.uasset" 437
"../../../Projects/SS_GameAsset3/Content/Mannequin/Animations/ThirdPersonWalk.uasset" 438
"../../../Projects/SS_GameAsset3/Content/Mannequin/Animations/ThirdPersonRun.uasset" 439
"../../../Projects/SS_GameAsset3/Content/Mannequin/Animations/ThirdPersonIdle.uasset" 440
"../../../Projects/SS_GameAsset3/Content/Mannequin/Animations/ThirdPerson_IdleRun_2D.uasset" 441
"../../../Projects/SS_GameAsset3/Content/Mannequin/Animations/ThirdPerson_Jump.uasset" 442
"../../../Projects/SS_GameAsset3/Content/Mannequin/Animations/ThirdPersonJump_Start.uasset" 443
"../../../Projects/SS_GameAsset3/Content/Mannequin/Animations/ThirdPersonJump_Loop.uasset" 444
"../../../Projects/SS_GameAsset3/Content/Mannequin/Animations/ThirdPerson_AnimBP.uasset" 445
"../../../Projects/SS_GameAsset3/Content/AnimStarterPack/Crouch_Walk_Rt_Rifle_Ironsights.uasset" 446
"../../../Projects/SS_GameAsset3/Content/AnimStarterPack/Crouch_Walk_Lt_Rifle_Ironsights.uasset" 447
"../../../Projects/SS_GameAsset3/Content/AnimStarterPack/Crouch_Walk_Fwd_Rifle_Ironsights.uasset" 448
"../../../Projects/SS_GameAsset3/Content/AnimStarterPack/Crouch_Walk_Bwd_Rifle_Ironsights.uasset" 449
"../../../Projects/SS_GameAsset3/Content/AnimStarterPack/BS_CrouchWalk.uasset" 450
"../../../Projects/SS_GameAsset3/Content/AnimStarterPack/Ue4ASP_Character.uasset" 451
"../../../Projects/SS_GameAsset3/Content/AnimStarterPack/Jump_From_Stand.uasset" 452
"../../../Projects/SS_GameAsset3/Content/AnimStarterPack/Jump_From_Jog.uasset" 453
"../../../Engine/Content/Animation/DefaultAnimCurveCompressionSettings.uasset" 454
"../../../Engine/Content/Animation/DefaultAnimBoneCompressionSettings.uasset" 455
"../../../Projects/SS_GameAsset3/Content/AnimStarterPack/AimPoses/Aim_Center.uasset" 456
"../../../Projects/SS_GameAsset3/Content/AnimStarterPack/Idle_Rifle_Ironsights.uasset" 457
"../../../Projects/SS_GameAsset3/Content/AnimStarterPack/Fire_Shotgun_Ironsights.uasset" 458
"../../../Projects/SS_GameAsset3/Content/AnimStarterPack/ShotGun_Fire_IronSight_AnimMontage.uasset" 459
"../../../Projects/SS_GameAsset3/Content/AnimStarterPack/Reload_Shotgun_Ironsights.uasset" 460
"../../../Projects/SS_GameAsset3/Content/AnimStarterPack/Reload_Shotgun_Ironsights_AnimMontage.uasset" 461
"../../../Projects/SS_GameAsset3/Content/AnimStarterPack/AimPoses/Aim_Right_Up.uasset" 462
"../../../Projects/SS_GameAsset3/Content/AnimStarterPack/AimPoses/Aim_Right_Down.uasset" 463
"../../../Projects/SS_GameAsset3/Content/AnimStarterPack/AimPoses/Aim_Right_Center.uasset" 464
"../../../Projects/SS_GameAsset3/Content/AnimStarterPack/AimPoses/Aim_Left_Up.uasset" 465
"../../../Projects/SS_GameAsset3/Content/AnimStarterPack/AimPoses/Aim_Left_Down.uasset" 466
"../../../Projects/SS_GameAsset3/Content/AnimStarterPack/AimPoses/Aim_Left_Center.uasset" 467
"../../../Projects/SS_GameAsset3/Content/AnimStarterPack/AimPoses/Aim_Center_Up.uasset" 468
"../../../Projects/SS_GameAsset3/Content/AnimStarterPack/AimPoses/Aim_Center_Down.uasset" 469
"../../../Projects/SS_GameAsset3/Content/AnimStarterPack/AimPoses/AimOffset.uasset" 470
"../../../Projects/SS_GameAsset3/Content/AnimStarterPack/Crouch_Idle_Rifle_Ironsights.uasset" 471
"../../../Projects/SS_GameAsset3/Content/AnimStarterPack/Sprint_Fwd_Rifle.uasset" 472
"../../../Projects/SS_GameAsset3/Content/AnimStarterPack/Jog_Rt_Rifle.uasset" 473
"../../../Projects/SS_GameAsset3/Content/AnimStarterPack/Jog_Lt_Rifle.uasset" 474
"../../../Projects/SS_GameAsset3/Content/AnimStarterPack/Jog_Fwd_Rifle.uasset" 475
"../../../Projects/SS_GameAsset3/Content/AnimStarterPack/Jog_Bwd_Rifle.uasset" 476
"../../../Projects/SS_GameAsset3/Content/AnimStarterPack/BS_Jog.uasset" 477
"../../../Projects/SS_GameAsset3/Content/AnimStarterPack/UE4ASP_HeroTPP_AnimBlueprint.uasset" 478
"../../../Projects/SS_GameAsset3/Content/TestingDialog/DialogNPC.uasset" 479
"../../../Projects/SS_GameAsset3/Content/ThirdPersonCPP/MyCustomCharacterDevArray.uasset" 480
"../../../Projects/SS_GameAsset3/Content/FMOD/Events/Guns/Shotgun/ShotgunNoAmmo.uasset" 481
"../../../Projects/SS_GameAsset3/Content/FMOD/Events/Guns/Shotgun/ShotgunShotSingle.uasset" 482
"../../../Projects/SS_GameAsset3/Content/FMOD/Events/Guns/Shotgun/ShotgunReload.uasset" 483
"../../../Projects/SS_GameAsset3/Content/ThirdPersonCPP/Weapons/Shotgun_BP.uasset" 484
"../../../Projects/SS_GameAsset3/Content/Cinematics/Sequences_DestroyedLevel/Sequence/shots/shot0010/shot0010_01.uasset" 485
"../../../Projects/SS_GameAsset3/Content/Cinematics/Sequences_DestroyedLevel/Sequence/SequenceMaster.uasset" 486
"../../../Projects/SS_GameAsset3/Content/GameMode/GameAsset3_SpaceGameMode.uasset" 487
"../../../Projects/SS_GameAsset3/Content/ThirdPersonCPP/Blueprints/ThirdPersonCharacter.uasset" 488
"../../../Projects/SS_GameAsset3/Content/ThirdPersonCPP/Maps/ThirdPersonExampleMap.uasset" 489
"../../Plugins/2D/Paper2D/Content/PlaceholderTextures/DummySpriteTexture.uasset" 490
"../../Plugins/2D/Paper2D/Content/DummySprite.uasset" 491
"../../Plugins/2D/Paper2D/Content/DefaultPaperTerrainMaterial.uasset" 492
"../../Plugins/2D/Paper2D/Content/DefaultSpriteMaterial.uasset" 493
"../../Plugins/2D/Paper2D/Content/MaskedUnlitSpriteMaterial.uasset" 494
"../../Plugins/2D/Paper2D/Content/OpaqueUnlitSpriteMaterial.uasset" 495
"../../Plugins/Editor/SpeedTreeImporter/Content/SpeedTree9/UnpackInteger3.uasset" 496
"../../Plugins/Editor/SpeedTreeImporter/Content/SpeedTree9/UnpackDirection.uasset" 497
"../../Plugins/Editor/SpeedTreeImporter/Content/SpeedTree9/game_wind_noise.uasset" 498
"../../../Engine/Content/Functions/Engine_MaterialFunctions02/SafeNormalize.uasset" 499
"../../Plugins/Editor/SpeedTreeImporter/Content/SpeedTree9/SpeedTreeWindMotion.uasset" 500
"../../Plugins/Editor/SpeedTreeImporter/Content/SpeedTree9/SpeedTreeBranchMotion.uasset" 501
"../../../Engine/Content/Functions/Engine_MaterialFunctions02/ObjectLocalBounds.uasset" 502
"../../../Engine/Content/Functions/Engine_MaterialFunctions02/UVs/BoundingBoxBased_0-1_UVW.uasset" 503
"../../Plugins/Editor/SpeedTreeImporter/Content/SpeedTree9/SpeedTreeWind.uasset" 504
"../../Plugins/Editor/SpeedTreeImporter/Content/SpeedTree9/SpeedTreeBillboard.uasset" 505
"../../../Engine/Content/EngineResources/DefaultTexture.uasset" 506
"../../Plugins/Editor/SpeedTreeImporter/Content/SpeedTree9/SpeedTreeBillboardMaster.uasset" 507
"../../Plugins/Editor/SpeedTreeImporter/Content/SpeedTree9/SpeedTreeCameraFacing.uasset" 508
"../../Plugins/Editor/SpeedTreeImporter/Content/SpeedTree9/SpeedTreeMaster.uasset" 509
"../../Plugins/FX/Niagara/Content/Enums/ENiagaraAnimTrailWidthMode.uasset" 510
"../../Plugins/FX/Niagara/Content/Enums/ENiagaraArraySamplingMode.uasset" 511
"../../Plugins/FX/Niagara/Content/Enums/ENiagaraBoneSamplingMode.uasset" 512
"../../Plugins/FX/Niagara/Content/Enums/ENiagaraBoneSocketSamplingMode.uasset" 513
"../../Plugins/FX/Niagara/Content/Enums/ENiagaraBooleanLogicOps.uasset" 514
"../../Plugins/FX/Niagara/Content/Enums/ENiagaraBooleanLogicOps_v2.uasset" 515
"../../Plugins/FX/Niagara/Content/Enums/ENiagaraCalculateRadiusOptions.uasset" 516
"../../Plugins/FX/Niagara/Content/Enums/ENiagaraChannelCorrelation.uasset" 517
"../../Plugins/FX/Niagara/Content/Enums/ENiagaraCollisionRadiusOptions.uasset" 518
"../../Plugins/FX/Niagara/Content/Enums/ENiagaraCoordinateSpace.uasset" 519
"../../Plugins/FX/Niagara/Content/Enums/ENiagaraCurlNoiseQuality.uasset" 520
"../../Plugins/FX/Niagara/Content/Enums/ENiagaraEmitterLifeCycleMode.uasset" 521
"../../Plugins/FX/Niagara/Content/Enums/ENiagaraEmitterScalabilityMode.uasset" 522
"../../Plugins/FX/Niagara/Content/Enums/ENiagaraEmitterScalabilityMode_Limited.uasset" 523
"../../Plugins/FX/Niagara/Content/Enums/ENiagaraExecutionStateManagement.uasset" 524
"../../Plugins/FX/Niagara/Content/Enums/ENiagaraExpansionMode.uasset" 525
"../../Plugins/FX/Niagara/Content/Enums/ENiagaraFrictionMergeType.uasset" 526
"../../Plugins/FX/Niagara/Content/Enums/ENiagaraGPUDepthResponseType.uasset" 527
"../../Plugins/FX/Niagara/Content/Enums/ENiagaraGridPlacementType.uasset" 528
"../../Plugins/FX/Niagara/Content/Enums/ENiagaraInactiveMode.uasset" 529
"../../Plugins/FX/Niagara/Content/Enums/ENiagaraKillVolumeOptions.uasset" 530
"../../Plugins/FX/Niagara/Content/Enums/ENiagaraLinearColor_Channels.uasset" 531
"../../Plugins/FX/Niagara/Content/Enums/ENiagaraMassByVolume.uasset" 532
"../../Plugins/FX/Niagara/Content/Enums/ENiagaraMassCalculationForRendererTypes.uasset" 533
"../../Plugins/FX/Niagara/Content/Enums/ENiagaraMeshOrSprite.uasset" 534
"../../Plugins/FX/Niagara/Content/Enums/ENiagaraMeshSamplingMode.uasset" 535
"../../Plugins/FX/Niagara/Content/Enums/ENiagaraMeshSurfaceSamplingMode.uasset" 536
"../../Plugins/FX/Niagara/Content/Enums/ENiagaraMeshTransforms.uasset" 537
"../../Plugins/FX/Niagara/Content/Enums/ENiagaraMinOrMax.uasset" 538
"../../Plugins/FX/Niagara/Content/Enums/ENiagaraNumericVariableTypes.uasset" 539
"../../Plugins/FX/Niagara/Content/Enums/ENiagaraOrientationAxis.uasset" 540
"../../Plugins/FX/Niagara/Content/Enums/ENiagaraQuaternionDerivationTechnique.uasset" 541
"../../Plugins/FX/Niagara/Content/Enums/ENiagaraRandomnessEvaluation.uasset" 542
"../../Plugins/FX/Niagara/Content/Enums/ENiagaraRandomnessMode.uasset" 543
"../../Plugins/FX/Niagara/Content/Enums/ENiagaraRestitutionMergeType.uasset" 544
"../../Plugins/FX/Niagara/Content/Enums/ENiagaraScaleColorMode.uasset" 545
"../../Plugins/FX/Niagara/Content/Enums/ENiagaraSimulationTarget.uasset" 546
"../../Plugins/FX/Niagara/Content/Enums/ENiagaraSkeletalSpawning.uasset" 547
"../../Plugins/FX/Niagara/Content/Enums/ENiagaraSkelSamplingFilteringMode.uasset" 548
"../../Plugins/FX/Niagara/Content/Enums/ENiagaraSkelSamplingModeFull.uasset" 549
"../../Plugins/FX/Niagara/Content/Enums/ENiagaraSocketSamplingMode.uasset" 550
"../../Plugins/FX/Niagara/Content/Enums/ENiagaraSphereDistributionMode.uasset" 551
"../../Plugins/FX/Niagara/Content/Enums/ENiagaraSUbUVAnimationMode.uasset" 552
"../../Plugins/FX/Niagara/Content/Enums/ENiagaraSystemInactiveMode.uasset" 553
"../../Plugins/FX/Niagara/Content/Enums/ENiagaraTorusDistributionMode.uasset" 554
"../../Plugins/FX/Niagara/Content/Enums/ENiagaraTorusMode.uasset" 555
"../../Plugins/FX/Niagara/Content/Enums/ENiagaraTriangleSamplingMode.uasset" 556
"../../Plugins/FX/Niagara/Content/Enums/ENiagaraVector2_Channels.uasset" 557
"../../Plugins/FX/Niagara/Content/Enums/ENiagaraVector3_Channels.uasset" 558
"../../Plugins/FX/Niagara/Content/Enums/ENiagaraVector4_Channels.uasset" 559
"../../Plugins/FX/Niagara/Content/Enums/ENiagaraVertexFilteringMode.uasset" 560
"../../Plugins/FX/Niagara/Content/Enums/ENiagaraVertexSamplingMode.uasset" 561
"../../Plugins/FX/Niagara/Content/Enums/ENiagara_AudioParamType.uasset" 562
"../../Plugins/FX/Niagara/Content/Enums/ENiagara_BankOnTurns.uasset" 563
"../../Plugins/FX/Niagara/Content/Enums/ENiagara_CameraMeshOrientation.uasset" 564
"../../Plugins/FX/Niagara/Content/Enums/ENiagara_CameraProperties.uasset" 565
"../../Plugins/FX/Niagara/Content/Enums/ENiagara_CollisionType.uasset" 566
"../../Plugins/FX/Niagara/Content/Enums/ENiagara_ColorInitializationMode.uasset" 567
"../../Plugins/FX/Niagara/Content/Enums/ENiagara_CPUCollisionType.uasset" 568
"../../Plugins/FX/Niagara/Content/Enums/ENiagara_DirectReadApplicationMode.uasset" 569
"../../Plugins/FX/Niagara/Content/Enums/ENiagara_DirectReadParticleIDSampling.uasset" 570
"../../Plugins/FX/Niagara/Content/Enums/ENiagara_DirectReadSamplingMode.uasset" 571
"../../Plugins/FX/Niagara/Content/Enums/ENiagara_EmitterLocSamplingMode.uasset" 572
"../../Plugins/FX/Niagara/Content/Enums/ENiagara_EmitterStateOptions.uasset" 573
"../../Plugins/FX/Niagara/Content/Enums/ENiagara_FadeOperationType.uasset" 574
"../../Plugins/FX/Niagara/Content/Enums/ENiagara_Float4Channel.uasset" 575
"../../Plugins/FX/Niagara/Content/Enums/ENiagara_GPUCollisionType.uasset" 576
"../../Plugins/FX/Niagara/Content/Enums/ENiagara_IDAttributes.uasset" 577
"../../Plugins/FX/Niagara/Content/Enums/ENiagara_InfiniteLoopDuration.uasset" 578
"../../Plugins/FX/Niagara/Content/Enums/ENiagara_LifetimeInheritanceOptions.uasset" 579
"../../Plugins/FX/Niagara/Content/Enums/ENiagara_LifetimeMode.uasset" 580
"../../Plugins/FX/Niagara/Content/Enums/ENiagara_MassInitializationMode.uasset" 581
"../../Plugins/FX/Niagara/Content/Enums/ENiagara_MultipleLerpCount.uasset" 582
"../../Plugins/FX/Niagara/Content/Enums/ENiagara_PositionInitializationMode.uasset" 583
"../../Plugins/FX/Niagara/Content/Enums/ENiagara_RotationDefinitionApproach.uasset" 584
"../../Plugins/FX/Niagara/Content/Enums/ENiagara_SizeScaleMode.uasset" 585
"../../Plugins/FX/Niagara/Content/Enums/ENiagara_SpawnBurstMode.uasset" 586
"../../Plugins/FX/Niagara/Content/Enums/ENiagara_SpriteRotationMode.uasset" 587
"../../Plugins/FX/Niagara/Content/Enums/ENiagara_SubUVLookupMode.uasset" 588
"../../Plugins/FX/Niagara/Content/Enums/ENiagara_TransformBaseOptions.uasset" 589
"../../Plugins/FX/Niagara/Content/Enums/ENiagara_TransformMode.uasset" 590
"../../Plugins/FX/Niagara/Content/Enums/ENiagara_TransformOrientationMode.uasset" 591
"../../Plugins/FX/Niagara/Content/Enums/ENiagara_UVFlippingMode.uasset" 592
"../../Plugins/FX/Niagara/Content/Enums/Niagara_Units.uasset" 593
"../../Plugins/FX/Niagara/Content/Enums/CascadeConversion/ECascadeNiagaraOrbitChainMode.uasset" 594
"../../Plugins/FX/Niagara/Content/Enums/CascadeConversion/ECascadeNiagaraTwoVectorChannels.uasset" 595
"../../Plugins/FX/Niagara/Content/Icons/S_ParticleSystem.uasset" 596
"../../../Engine/Content/BasicShapes/Cylinder.uasset" 597
"../../../Engine/Content/ArtTools/RenderToTexture/Materials/Debug/M_Emissive_Color.uasset" 598
"../../Plugins/Lumin/MagicLeapPassableWorld/Content/MagicLeapARPinInfoActor.uasset" 599
"../../../Engine/Content/Functions/Engine_MaterialFunctions02/Utility/BreakOutFloat4Components.uasset" 600
"../../Plugins/Runtime/Oculus/OculusVR/Content/Materials/OculusMR_ChromaKey.uasset" 601
"../../Plugins/Runtime/Oculus/OculusVR/Content/Materials/OculusMR_OpaqueColoredMaterial.uasset" 602
"../../Plugins/Runtime/Oculus/OculusVR/Content/Materials/PokeAHoleMaterial.uasset" 603
"../../../Engine/Content/Maps/Entry_BuiltData.uasset" 604
"../../../Engine/Content/Maps/Entry.umap" 605
"../../../Projects/SS_GameAsset3/Content/ThirdPersonCPP/Maps/ChristianLevel_BuiltData.uasset" 606
"../../../Projects/SS_GameAsset3/Content/ThirdPersonCPP/Weapons/ShotGun.uasset" 607
"../../../Projects/SS_GameAsset3/Content/Testing/test1.uasset" 608
"../../../Projects/SS_GameAsset3/Content/Testing/test.uasset" 609
"../../../Projects/SS_GameAsset3/Content/Testing/Hi_How_Are_Ya_-_Spongebob_Sound_Effect__HD_.uasset" 610
"../../../Projects/SS_GameAsset3/Content/Testing/Hi__Sound_Effect_.uasset" 611
"../../../Projects/SS_GameAsset3/Content/DialogueSystem/DialogueMap.uasset" 612
"../../../Projects/SS_GameAsset3/Content/DialogueSystem/DialogueTable.uasset" 613
"../../../Projects/SS_GameAsset3/Content/ThirdPersonCPP/NPC.uasset" 614
"../../../Projects/SS_GameAsset3/Content/Widgets/questions_wdg.uasset" 615
"../../../Projects/SS_GameAsset3/Content/Widgets/dialogue_wdg.uasset" 616
"../../../Projects/SS_GameAsset3/Content/ThirdPersonCPP/MyNPCCharacterClass.uasset" 617
"../../../Projects/SS_GameAsset3/Content/ThirdPerson/Meshes/RampMaterial.uasset" 618
"../../../Projects/SS_GameAsset3/Content/ThirdPerson/Meshes/RightArm_StaticMesh.uasset" 619
"../../../Projects/SS_GameAsset3/Content/ThirdPerson/Meshes/Ramp_StaticMesh.uasset" 620
"../../../Projects/SS_GameAsset3/Content/ThirdPerson/Meshes/Linear_Stair_StaticMesh.uasset" 621
"../../../Projects/SS_GameAsset3/Content/ThirdPerson/Meshes/LeftArm_StaticMesh.uasset" 622
"../../../Projects/SS_GameAsset3/Content/ThirdPerson/Meshes/Bump_StaticMesh.uasset" 623
"../../../Projects/SS_GameAsset3/Content/TestingDialog/DialogTree/StartDialog.uasset" 624
"../../../Projects/SS_GameAsset3/Content/TestingDialog/DialogTree/EndDialogue.uasset" 625
"../../../Projects/SS_GameAsset3/Content/TestingDialog/DialogTree/DisplayLine.uasset" 626
"../../../Projects/SS_GameAsset3/Content/TestingDialog/DialogTree/CheckResponse.uasset" 627
"../../../Projects/SS_GameAsset3/Content/TestingDialog/DialogTree/BaseDialogBlackboard.uasset" 628
"../../../Projects/SS_GameAsset3/Content/Widgets/ResponseListUI.uasset" 629
"../../../Projects/SS_GameAsset3/Content/Widgets/ResponseUI.uasset" 630
"../../../Projects/SS_GameAsset3/Content/TestingDialog/DialogTree/AskQuestion.uasset" 631
"../../../Projects/SS_GameAsset3/Content/FMOD/Events/NPC/Thor/SillySalmon.uasset" 632
"../../../Projects/SS_GameAsset3/Content/FMOD/Events/NPC/Thor/CheerUp.uasset" 633
"../../../Projects/SS_GameAsset3/Content/FMOD/Events/NPC/Thor/YourFavourite.uasset" 634
"../../../Projects/SS_GameAsset3/Content/FMOD/Events/NPC/Thor/Recepie.uasset" 635
"../../../Projects/SS_GameAsset3/Content/FMOD/Events/NPC/Thor/Fantastic.uasset" 636
"../../../Projects/SS_GameAsset3/Content/FMOD/Events/NPC/Thor/FunniestThing.uasset" 637
"../../../Projects/SS_GameAsset3/Content/FMOD/Events/NPC/Thor/RusskiStandard.uasset" 638
"../../../Projects/SS_GameAsset3/Content/FMOD/Events/NPC/Thor/PieOnTheMenu.uasset" 639
"../../../Projects/SS_GameAsset3/Content/FMOD/Events/NPC/Thor/CardGame.uasset" 640
"../../../Projects/SS_GameAsset3/Content/FMOD/Events/NPC/Thor/NoProblem.uasset" 641
"../../../Projects/SS_GameAsset3/Content/FMOD/Events/NPC/Thor/EGGcactly.uasset" 642
"../../../Projects/SS_GameAsset3/Content/TestingDialog/DialogTree/Thor/ThorDialogueTree.uasset" 643
"../../../Projects/SS_GameAsset3/Content/TestingDialog/DialogTree/BaseDialogTree.uasset" 644
"../../../Projects/SS_GameAsset3/Content/Sound/Fmod3DEmitter.uasset" 645
"../../../Projects/SS_GameAsset3/Content/SkyBox/Skybox_Params.uasset" 646
"../../../Projects/SS_GameAsset3/Content/SkyBox/Blue-Purple-Nebula-2k-res-Source.uasset" 647
"../../../Engine/Content/Functions/Engine_MaterialFunctions02/3PointLevels.uasset" 648
"../../../Projects/SS_GameAsset3/Content/SkyBox/CustomNebula_Mat.uasset" 649
"../../../Engine/Content/MapTemplates/Sky/T_UDK_Sky_CloudMask01_N.uasset" 650
"../../../Engine/Content/MapTemplates/Sky/T_Sky_Stars.uasset" 651
"../../../Engine/Content/MapTemplates/T_UDK_Sky_CloudMask03.uasset" 652
"../../../Engine/Content/MapTemplates/Sky/M_Procedural_Sky_MASTER02.uasset" 653
"../../../Engine/Content/MapTemplates/Sky/SM_SkySphere.uasset" 654
"../../../Projects/SS_GameAsset3/Content/SkyBox/NebulaSkybox_BP.uasset" 655
"../../../Projects/SS_GameAsset3/Content/Geometry/Meshes/CubeMaterial.uasset" 656
"../../../Projects/SS_GameAsset3/Content/Geometry/Meshes/1M_Cube.uasset" 657
"../../../Projects/SS_GameAsset3/Content/FMOD/Events/Enviroment/BassThumpTest.uasset" 658
"../../../Projects/SS_GameAsset3/Content/FMOD/BP/Overlap_Fmod_Sound_BP.uasset" 659
"../../../Projects/SS_GameAsset3/Content/Mannequin/Character/Mesh/SK_Mannequin_PhysicsAsset.uasset" 660
"../../../Projects/SS_GameAsset3/Content/Mannequin/Character/Mesh/SK_Mannequin.uasset" 661
"../../../Projects/SS_GameAsset3/Content/Geometry/Meshes/TemplateFloor.uasset" 662
"../../../Projects/SS_GameAsset3/Content/Geometry/Meshes/1M_Cube_Chamfer.uasset" 663
"../../../Projects/SS_GameAsset3/Content/StaticMesh.uasset" 664
"../../../Engine/Content/BasicShapes/Cube.uasset" 665
"../../../Engine/Content/BasicShapes/BasicShapeMaterial.uasset" 666
"../../../Projects/SS_GameAsset3/Content/FMOD/Events/Enviroment/ElectricalEQ/Sparks.uasset" 667
"../../../Projects/SS_GameAsset3/Content/ThirdPersonCPP/Maps/ChristianLevel.umap" 668
"../../../Projects/SS_GameAsset3/Content/ThirdPersonCPP/Maps/MasterLevel_BuiltData.uasset" 669
"../../../Projects/SS_GameAsset3/Content/ThirdPersonCPP/Maps/LoadLevel.uasset" 670
"../../../Projects/SS_GameAsset3/Content/FMOD/Events/NPC/Nicole/IAgree.uasset" 671
"../../../Projects/SS_GameAsset3/Content/FMOD/Events/NPC/Nicole/Visitors.uasset" 672
"../../../Projects/SS_GameAsset3/Content/FMOD/Events/NPC/Nicole/NotYet.uasset" 673
"../../../Projects/SS_GameAsset3/Content/FMOD/Events/NPC/Nicole/Bye.uasset" 674
"../../../Projects/SS_GameAsset3/Content/FMOD/Events/NPC/Nicole/Hi.uasset" 675
"../../../Projects/SS_GameAsset3/Content/TestingDialog/DialogTree/Nicole/NicoleDialogueTree.uasset" 676
"../../../Projects/SS_GameAsset3/Content/FMOD/Events/NPC/Jace/YourFather.uasset" 677
"../../../Projects/SS_GameAsset3/Content/FMOD/Events/NPC/Jace/ImGrateful.uasset" 678
"../../../Projects/SS_GameAsset3/Content/FMOD/Events/NPC/Jace/Pissoff.uasset" 679
"../../../Projects/SS_GameAsset3/Content/FMOD/Events/NPC/Jace/ImHereForU.uasset" 680
"../../../Projects/SS_GameAsset3/Content/FMOD/Events/NPC/Jace/ImSorry.uasset" 681
"../../../Projects/SS_GameAsset3/Content/FMOD/Events/NPC/Jace/Bye.uasset" 682
"../../../Projects/SS_GameAsset3/Content/FMOD/Events/NPC/Jace/HowYouDoing.uasset" 683
"../../../Projects/SS_GameAsset3/Content/TestingDialog/DialogTree/Jace/JaceDialogueTree.uasset" 684
"../../../Projects/SS_GameAsset3/Content/FMOD/Events/NPC/Charles/IWillTry.uasset" 685
"../../../Projects/SS_GameAsset3/Content/FMOD/Events/NPC/Charles/Afternoon.uasset" 686
"../../../Projects/SS_GameAsset3/Content/FMOD/Events/NPC/Charles/Perfectly.uasset" 687
"../../../Projects/SS_GameAsset3/Content/FMOD/Events/NPC/Charles/LetDown.uasset" 688
"../../../Projects/SS_GameAsset3/Content/FMOD/Events/NPC/Charles/IWasHired.uasset" 689
"../../../Projects/SS_GameAsset3/Content/TestingDialog/DialogTree/Charles/CharlesDialogueTree.uasset" 690
"../../../Projects/SS_GameAsset3/Content/FMOD/Events/NPC/Andreas/Bye.uasset" 691
"../../../Projects/SS_GameAsset3/Content/FMOD/Events/NPC/Andreas/PleaseDo.uasset" 692
"../../../Projects/SS_GameAsset3/Content/FMOD/Events/NPC/Andreas/IfNotForMe.uasset" 693
"../../../Projects/SS_GameAsset3/Content/FMOD/Events/NPC/Andreas/WeAreTrapped.uasset" 694
"../../../Projects/SS_GameAsset3/Content/FMOD/Events/NPC/Andreas/IfSomethingHappens.uasset" 695
"../../../Projects/SS_GameAsset3/Content/FMOD/Events/NPC/Andreas/SneakUpOnMe.uasset" 696
"../../../Projects/SS_GameAsset3/Content/FMOD/Events/NPC/Andreas/TheShipIsBehaving.uasset" 697
"../../../Projects/SS_GameAsset3/Content/FMOD/Events/NPC/Andreas/DontSayThat.uasset" 698
"../../../Projects/SS_GameAsset3/Content/FMOD/Events/NPC/Andreas/110Percent.uasset" 699
"../../../Projects/SS_GameAsset3/Content/TestingDialog/DialogTree/Andreas/AndreasDialogueTree.uasset" 700
"../../../Engine/Content/Functions/Engine_MaterialFunctions01/Gradient/RadialGradient.uasset" 701
"../../../Projects/SS_GameAsset3/Content/StarterContent/Particles/Materials/M_radial_ramp.uasset" 702
"../../../Projects/SS_GameAsset3/Content/StarterContent/Particles/Materials/m_flare_01.uasset" 703
"../../../Projects/SS_GameAsset3/Content/StarterContent/Textures/T_Burst_M.uasset" 704
"../../../Projects/SS_GameAsset3/Content/StarterContent/Particles/Materials/M_Burst.uasset" 705
"../../../Projects/SS_GameAsset3/Content/StarterContent/Particles/EMP_Explosion.uasset" 706
"../../../Projects/SS_GameAsset3/Content/Geometry/BoxCollider_BP.uasset" 707
"../../../Projects/SS_GameAsset3/Content/Morra/HexagonTexture.uasset" 708
"../../../Projects/SS_GameAsset3/Content/Morra/MorradiMat.uasset" 709
"../../../Projects/SS_GameAsset3/Content/Cinematics/BP_SequenceTrigger.uasset" 710
"../../../Projects/SS_GameAsset3/Content/AssetPack/Models/SM_Ship_Bomber_01_New.uasset" 711
"../../../Projects/SS_GameAsset3/Content/AssetPack/Models/lambert2.uasset" 712
"../../../Projects/SS_GameAsset3/Content/AssetPack/Models/SM_Veh_EscapePod_Large_01.uasset" 713
"../../../Projects/SS_GameAsset3/Content/AssetPack/Models/lambert1.uasset" 714
"../../../Projects/SS_GameAsset3/Content/AssetPack/Models/SM_Prop_Stairs_01_New.uasset" 715
"../../../Projects/SS_GameAsset3/Content/AssetPack/Models/lambert16.uasset" 716
"../../../Projects/SS_GameAsset3/Content/AssetPack/Models/SM_Prop_SquareTable_01_New.uasset" 717
"../../../Projects/SS_GameAsset3/Content/AssetPack/Models/SM_Prop_Sink_01_New.uasset" 718
"../../../Projects/SS_GameAsset3/Content/AssetPack/Models/SM_Prop_Plant_Vase_02_New.uasset" 719
"../../../Projects/SS_GameAsset3/Content/AssetPack/Models/SM_Prop_Plant_Vase_01_New.uasset" 720
"../../../Projects/SS_GameAsset3/Content/AssetPack/Models/SM_Prop_Plant_Container_01_New.uasset" 721
"../../../Projects/SS_GameAsset3/Content/AssetPack/Models/SM_Prop_Oxygen_Tank_Small_New.uasset" 722
"../../../Projects/SS_GameAsset3/Content/AssetPack/Models/SM_Prop_Oxygen_Tank_New.uasset" 723
"../../../Projects/SS_GameAsset3/Content/AssetPack/Models/SM_Prop_Oxygen_Tank_Large_New.uasset" 724
"../../../Projects/SS_GameAsset3/Content/AssetPack/Models/SM_Prop_Medical_Scanner_01_New.uasset" 725
"../../../Projects/SS_GameAsset3/Content/AssetPack/Models/SM_Prop_Medical_Machine_01_New.uasset" 726
"../../../Projects/SS_GameAsset3/Content/AssetPack/Models/SM_Prop_Medical_Cart_Bare_01_New.uasset" 727
"../../../Projects/SS_GameAsset3/Content/AssetPack/Models/SM_Prop_Medical_Cart_02_New.uasset" 728
"../../../Projects/SS_GameAsset3/Content/AssetPack/Models/SM_Prop_Medical_Cart_01_New.uasset" 729
"../../../Projects/SS_GameAsset3/Content/AssetPack/Models/SM_Prop_Crate_02_New.uasset" 730
"../../../Projects/SS_GameAsset3/Content/AssetPack/Models/SM_Prop_Crate_01_New_Lid.uasset" 731
"../../../Projects/SS_GameAsset3/Content/AssetPack/Models/SM_Prop_Crate_01_New_Box.uasset" 732
"../../../Projects/SS_GameAsset3/Content/AssetPack/Models/SM_Prop_CornerSeat_01_New.uasset" 733
"../../../Projects/SS_GameAsset3/Content/AssetPack/Models/CockpitGlass.uasset" 734
"../../../Projects/SS_GameAsset3/Content/AssetPack/Models/SM_Prop_CenterTube_01_SM_Prop_CenterTube_Glass_01.uasset" 735
"../../../Projects/SS_GameAsset3/Content/AssetPack/Models/SM_Prop_CenterTube_01_New.uasset" 736
"../../../Projects/SS_GameAsset3/Content/AssetPack/Models/SM_Prop_Cart_Filled_01_New.uasset" 737
"../../../Projects/SS_GameAsset3/Content/AssetPack/Models/SM_Prop_Bed_01_New.uasset" 738
"../../../Projects/SS_GameAsset3/Content/AssetPack/Models/SM_Prop_Battery_03_New.uasset" 739
"../../../Projects/SS_GameAsset3/Content/AssetPack/Models/SM_Prop_Barrel_01_New.uasset" 740
"../../../Projects/SS_GameAsset3/Content/AssetPack/Models/SM_Prop_AirVent_Large_01_New.uasset" 741
"../../../Projects/SS_GameAsset3/Content/AssetPack/Models/SM_Prop_Detail_Pipe_Pillar_01_New.uasset" 742
"../../../Projects/SS_GameAsset3/Content/AssetPack/Models/SM_Prop_Detail_Pipes_02_New.uasset" 743
"../../../Projects/SS_GameAsset3/Content/AssetPack/Models/SM_Prop_Detail_CeilingBox_03_New.uasset" 744
"../../../Projects/SS_GameAsset3/Content/AssetPack/Models/SM_Prop_Detail_CeilingBox_01_New.uasset" 745
"../../../Projects/SS_GameAsset3/Content/AssetPack/Models/SM_Bld_Wall_Pods_01_New_Glass.uasset" 746
"../../../Projects/SS_GameAsset3/Content/AssetPack/Models/SM_Bld_Wall_Pods_01_New.uasset" 747
"../../../Projects/SS_GameAsset3/Content/AssetPack/Models/SM_Bld_Wall_Pillar_03_New.uasset" 748
"../../../Projects/SS_GameAsset3/Content/AssetPack/Models/SciFiSpace.uasset" 749
"../../../Projects/SS_GameAsset3/Content/AssetPack/Models/SM_Bld_Wall_Exterior_Window_01_New.uasset" 750
"../../../Projects/SS_GameAsset3/Content/AssetPack/Models/SciFi3.uasset" 751
"../../../Projects/SS_GameAsset3/Content/AssetPack/Models/SM_Bld_Wall_Doorframe_06_New_SM_Bld_Wall_Doorframe_06.uasset" 752
"../../../Projects/SS_GameAsset3/Content/AssetPack/Models/SM_Bld_Wall_Doorframe_06_DoorRight.uasset" 753
"../../../Projects/SS_GameAsset3/Content/AssetPack/Models/SM_Bld_Wall_Doorframe_06_DoorOnly.uasset" 754
"../../../Projects/SS_GameAsset3/Content/AssetPack/Models/SM_Bld_Wall_Doorframe_06_DoorLeft.uasset" 755
"../../../Projects/SS_GameAsset3/Content/AssetPack/Models/SM_Bld_Floor_06_New.uasset" 756
"../../../Projects/SS_GameAsset3/Content/AssetPack/Models/SM_Bld_Floor_04_TEST.uasset" 757
"../../../Projects/SS_GameAsset3/Content/AssetPack/Models/SM_Bld_Floor_02_New.uasset" 758
"../../../Projects/SS_GameAsset3/Content/AssetPack/Models/SM_Bld_Floor_01_New.uasset" 759
"../../../Projects/SS_GameAsset3/Content/AssetPack/Models/SM_Bld_Floor_011_New.uasset" 760
"../../../Projects/SS_GameAsset3/Content/AssetPack/Models/SM_Bld_Crew_Kitchen_01_New.uasset" 761
"../../../Projects/SS_GameAsset3/Content/AssetPack/Models/SciFiSpace22.uasset" 762
"../../../Projects/SS_GameAsset3/Content/AssetPack/Models/SM_Bld_Corridor_Single_Arch_01_New.uasset" 763
"../../../Projects/SS_GameAsset3/Content/AssetPack/Models/SM_Bld_Ceiling_03_New.uasset" 764
"../../../Projects/SS_GameAsset3/Content/AssetPack/Models/SM_Bld_Ceiling_02_New.uasset" 765
"../../../Projects/SS_GameAsset3/Content/AssetPack/Models/SM_Bld_Ceiling_01_New.uasset" 766
"../../../Projects/SS_GameAsset3/Content/AssetPack/Models/SM_Bld_Bridge_Console_Corner_01_New.uasset" 767
"../../../Projects/SS_GameAsset3/Content/AssetPack/Models/SM_Bld_Bridge_Console_02_New.uasset" 768
"../../../Projects/SS_GameAsset3/Content/AssetPack/Models/SM_Bld_Bridge_Console_01_New.uasset" 769
"../../../Projects/SS_GameAsset3/Content/AssetPack/Models/SM_Bld_Bridge_Chair_Captain_01_New.uasset" 770
"../../../Projects/SS_GameAsset3/Content/AssetPack/Models/SM_Bld_Bridge_Chair_01_New.uasset" 771
"../../../Projects/SS_GameAsset3/Content/AssetPack/Models/SM_Bld_Wall_Corner_Pillar_Wide_01_New.uasset" 772
"../../../Projects/SS_GameAsset3/Content/AssetPack/Models/SM_Bld_Wall_06_New.uasset" 773
"../../../Projects/SS_GameAsset3/Content/AssetPack/Models/SM_Bld_Wall_06.uasset" 774
"../../../Projects/SS_GameAsset3/Content/AssetPack/Models/SM_Bld_Wall_02_New.uasset" 775
"../../../Projects/SS_GameAsset3/Content/AssetPack/Models/SM_Bld_Wall_01_New.uasset" 776
"../../../Projects/SS_GameAsset3/Content/AssetPack/Models/SM_Bld_Hangar_01_New.uasset" 777
"../../../Projects/SS_GameAsset3/Content/AssetPack/Models/SM_Bld_Floor_Small_Walkway_Endcap_01_New.uasset" 778
"../../../Projects/SS_GameAsset3/Content/AssetPack/Models/SM_Bld_Floor_Small_Hand_Rail_End_New_01.uasset" 779
"../../../Projects/SS_GameAsset3/Content/AssetPack/Models/SM_Bld_Floor_Small_Hand_Rail_01_New.uasset" 780
"../../../Projects/SS_GameAsset3/Content/AssetPack/Models/SM_Bld_Floor_Large_Walkway_02_New.uasset" 781
"../../../Projects/SS_GameAsset3/Content/AssetPack/Models/SM_Bld_Floor_09_New.uasset" 782
"../../../Projects/SS_GameAsset3/Content/AssetPack/Models/SM_Bld_Floor_07_TEST.uasset" 783
"../../../Projects/SS_GameAsset3/Content/AssetPack/Models/Glass2.uasset" 784
"../../../Projects/SS_GameAsset3/Content/AssetPack/Models/Glass1.uasset" 785
"../../../Projects/SS_GameAsset3/Content/ThirdPersonCPP/Maps/MasterLevel.umap" 786
"../../../Projects/SS_GameAsset3/Content/ThirdPersonCPP/Maps/MasterLevel_Destroyed_BuiltData.uasset" 787
"../../../Projects/SS_GameAsset3/Content/VFX/VFXEmitter.uasset" 788
"../../../Projects/SS_GameAsset3/Content/AssetPack/Models/SM_Ship_Stealth_04_New.uasset" 789
"../../../Projects/SS_GameAsset3/Content/AssetPack/Models/SM_Ship_Stealth_01_New.uasset" 790
"../../../Projects/SS_GameAsset3/Content/AssetPack/Models/SM_Prop_Cart_01_New.uasset" 791
"../../../Projects/SS_GameAsset3/Content/MyShake.uasset" 792
"../../../Projects/SS_GameAsset3/Content/Sound/Fmod2DEmitter.uasset" 793
"../../../Projects/SS_GameAsset3/Content/AnimStarterPack/Idle_Rifle_Hip.uasset" 794
"../../../Projects/SS_GameAsset3/Content/FMOD/Events/Enviroment/Ship/ShipPowerDown.uasset" 795
"../../../Projects/SS_GameAsset3/Content/ThirdPersonCPP/Maps/MasterLevel_Destroyed.umap" 796
"../../../Projects/SS_GameAsset3/Content/ThirdPersonCPP/Maps/EmptyWorld_BuiltData.uasset" 797
"../../../Projects/SS_GameAsset3/Content/ThirdPersonCPP/Maps/EmptyWorld.umap" 798
